0 info it worked if it ends with ok
1 verbose cli [ '/Users/tomohiro/.nodebrew/node/v7.3.0/bin/node',
1 verbose cli   '/Users/tomohiro/.nodebrew/current/bin/npm',
1 verbose cli   'run',
1 verbose cli   'build.prod' ]
2 info using npm@3.10.10
3 info using node@v7.3.0
4 verbose stack Error: missing script: build.prod
4 verbose stack     at run (/Users/tomohiro/.nodebrew/node/v7.3.0/lib/node_modules/npm/lib/run-script.js:151:19)
4 verbose stack     at /Users/tomohiro/.nodebrew/node/v7.3.0/lib/node_modules/npm/lib/run-script.js:61:5
4 verbose stack     at /Users/tomohiro/.nodebrew/node/v7.3.0/lib/node_modules/npm/node_modules/read-package-json/read-json.js:356:5
4 verbose stack     at checkBinReferences_ (/Users/tomohiro/.nodebrew/node/v7.3.0/lib/node_modules/npm/node_modules/read-package-json/read-json.js:320:45)
4 verbose stack     at final (/Users/tomohiro/.nodebrew/node/v7.3.0/lib/node_modules/npm/node_modules/read-package-json/read-json.js:354:3)
4 verbose stack     at then (/Users/tomohiro/.nodebrew/node/v7.3.0/lib/node_modules/npm/node_modules/read-package-json/read-json.js:124:5)
4 verbose stack     at /Users/tomohiro/.nodebrew/node/v7.3.0/lib/node_modules/npm/node_modules/read-package-json/read-json.js:243:12
4 verbose stack     at /Users/tomohiro/.nodebrew/node/v7.3.0/lib/node_modules/npm/node_modules/graceful-fs/graceful-fs.js:78:16
4 verbose stack     at tryToString (fs.js:425:3)
4 verbose stack     at FSReqWrap.readFileAfterClose [as oncomplete] (fs.js:412:12)
5 verbose cwd /Applications/XAMPP/xamppfiles/htdocs/wantedly-new/client
6 error Darwin 16.4.0
7 error argv "/Users/tomohiro/.nodebrew/node/v7.3.0/bin/node" "/Users/tomohiro/.nodebrew/current/bin/npm" "run" "build.prod"
8 error node v7.3.0
9 error npm  v3.10.10
10 error missing script: build.prod
11 error If you need help, you may report this error at:
11 error     <https://github.com/npm/npm/issues>
12 verbose exit [ 1, true ]
